<?xml version="1.0" encoding="UTF-8"?>
<!-- Generated by org.testng.reporters.JUnitReportReporter -->
<testsuite hostname="Soumya" failures="0" tests="1" name="Test.Excel" time="0.000" errors="0" timestamp="2023-06-08T21:43:40 IST" skipped="1">
  <testcase classname="Test.Excel" name="login" time="0.000">
    <skipped/>
  </testcase> <!-- login -->
  <system-out/>
</testsuite> <!-- Test.Excel -->
