<?xml version="1.0" encoding="UTF-8"?>
<!-- Generated by org.testng.reporters.JUnitReportReporter -->
<testsuite hostname="Soumya" failures="0" tests="2" name="Test.Excel" time="9.047" errors="0" timestamp="2023-06-09T22:33:28 IST" skipped="0">
  <testcase classname="Test.Excel" name="login" time="2.944"/>
  <system-out/>
  <testcase classname="Test.Excel" name="login" time="6.103"/>
  <system-out/>
</testsuite> <!-- Test.Excel -->
