<?xml version="1.0" encoding="UTF-8"?>
<!-- Generated by org.testng.reporters.JUnitReportReporter -->
<testsuite hostname="LT090402" failures="0" tests="1" name="MiniProject.HumanResource" time="23.885" errors="0" timestamp="2023-05-12T16:54:21 IST" skipped="0">
  <testcase classname="MiniProject.HumanResource" name="testing" time="23.885"/>
  <system-out/>
</testsuite> <!-- MiniProject.HumanResource -->
