<?xml version="1.0" encoding="UTF-8"?>
<!-- Generated by org.testng.reporters.JUnitReportReporter -->
<testsuite hostname="LT090402" failures="0" tests="2" name="Test.MouseEvent" time="32.385" errors="0" timestamp="2023-05-11T12:20:44 IST" skipped="0">
  <testcase classname="Test.MouseEvent" name="RightClick" time="23.891"/>
  <system-out/>
  <testcase classname="Test.MouseEvent" name="MouseHover" time="8.494"/>
  <system-out/>
</testsuite> <!-- Test.MouseEvent -->
