<?xml version="1.0" encoding="UTF-8"?>
<!-- Generated by org.testng.reporters.JUnitReportReporter -->
<testsuite hostname="Soumya" failures="0" tests="2" name="Test.MouseEvent" time="23.869" errors="0" timestamp="2023-06-08T21:49:34 IST" skipped="0">
  <testcase classname="Test.MouseEvent" name="RightClick" time="15.957"/>
  <system-out/>
  <testcase classname="Test.MouseEvent" name="MouseHover" time="7.912"/>
  <system-out/>
</testsuite> <!-- Test.MouseEvent -->
