<?xml version="1.0" encoding="UTF-8"?>
<!-- Generated by org.testng.reporters.JUnitReportReporter -->
<testsuite hostname="Soumya" failures="0" tests="2" name="Test.Excel" time="8.650" errors="0" timestamp="2023-06-09T22:10:28 IST" skipped="0">
  <testcase classname="Test.Excel" name="login" time="3.015"/>
  <system-out/>
  <testcase classname="Test.Excel" name="login" time="5.635"/>
  <system-out/>
</testsuite> <!-- Test.Excel -->
